<?xml version="1.0" encoding="UTF-8"?>
<!-- Generated by org.testng.reporters.JUnitReportReporter -->
<testsuite hostname="DESKTOP-L273GQF" failures="0" tests="1" name="Test.LoginTest" time="7.255" errors="0" timestamp="2024-05-22T16:37:59 IST" skipped="0">
  <testcase classname="Test.LoginTest" name="enterInvalidNameValidPassword" time="7.255"/>
  <system-out/>
</testsuite> <!-- Test.LoginTest -->
