<?xml version="1.0" encoding="UTF-8"?>
<!-- Generated by org.testng.reporters.JUnitReportReporter -->
<testsuite hostname="DESKTOP-L273GQF" failures="0" tests="1" name="Test.LanguagesTest" time="15.544" errors="0" timestamp="2024-05-31T10:47:24 IST" skipped="0">
  <testcase classname="Test.LanguagesTest" name="searchByNameValidTest" time="15.544"/>
  <system-out/>
</testsuite> <!-- Test.LanguagesTest -->
