<?xml version="1.0" encoding="UTF-8"?>
<!-- Generated by org.testng.reporters.JUnitReportReporter -->
<testsuite hostname="DESKTOP-L273GQF" failures="0" tests="6" name="Test.LanguagesTest" time="96.068" errors="0" timestamp="2024-05-23T18:19:14 IST" skipped="0">
  <testcase classname="Test.LanguagesTest" name="addButtonTest" time="16.333"/>
  <system-out/>
  <testcase classname="Test.LanguagesTest" name="deleteButtonTest" time="14.126"/>
  <system-out/>
  <testcase classname="Test.LanguagesTest" name="searchButtonTest" time="16.406"/>
  <system-out/>
  <testcase classname="Test.LanguagesTest" name="searchByIdInvalidTest" time="16.934"/>
  <system-out/>
  <testcase classname="Test.LanguagesTest" name="searchByIdValidTest" time="16.062"/>
  <system-out/>
  <testcase classname="Test.LanguagesTest" name="searchByNameValidTest" time="16.207"/>
  <system-out/>
</testsuite> <!-- Test.LanguagesTest -->
