<?xml version="1.0" encoding="UTF-8"?>
<!-- Generated by org.testng.reporters.JUnitReportReporter -->
<testsuite hostname="DESKTOP-L273GQF" failures="0" tests="1" name="Test.NationalityTest" time="16.643" errors="0" timestamp="2024-05-23T19:49:24 IST" skipped="0">
  <testcase classname="Test.NationalityTest" name="searchByIdValidTest" time="16.643"/>
  <system-out/>
</testsuite> <!-- Test.NationalityTest -->
