<?xml version="1.0" encoding="UTF-8"?>
<!-- Generated by org.testng.reporters.JUnitReportReporter -->
<testsuite hostname="DESKTOP-L273GQF" failures="0" tests="6" name="Test.SkillTest" time="94.728" errors="0" timestamp="2024-05-23T17:25:45 IST" skipped="0">
  <testcase classname="Test.SkillTest" name="addButtonTest" time="15.872"/>
  <system-out/>
  <testcase classname="Test.SkillTest" name="deleteButtonTest" time="15.230"/>
  <system-out/>
  <testcase classname="Test.SkillTest" name="searchButtonTest" time="16.189"/>
  <system-out/>
  <testcase classname="Test.SkillTest" name="searchByIdInvalidTest" time="15.715"/>
  <system-out/>
  <testcase classname="Test.SkillTest" name="searchByIdValidTest" time="16.031"/>
  <system-out/>
  <testcase classname="Test.SkillTest" name="searchByNameValidTest" time="15.691"/>
  <system-out/>
</testsuite> <!-- Test.SkillTest -->
